   1              		.arch armv7-a
   2              		.eabi_attribute 27, 3
   3              		.eabi_attribute 28, 1
   4              		.fpu neon-vfpv4
   5              		.eabi_attribute 20, 1
   6              		.eabi_attribute 21, 1
   7              		.eabi_attribute 23, 3
   8              		.eabi_attribute 24, 1
   9              		.eabi_attribute 25, 1
  10              		.eabi_attribute 26, 1
  11              		.eabi_attribute 30, 2
  12              		.eabi_attribute 34, 1
  13              		.eabi_attribute 18, 4
  14              		.file	"main.c"
  15              		.text
  16              		.align	2
  17              		.global	delay
  19              	delay:
  20              		@ args = 0, pretend = 0, frame = 0
  21              		@ frame_needed = 0, uses_anonymous_args = 0
  22              		@ link register save eliminated.
  23 0000 1EFF2FE1 		bx	lr
  25              		.section	.text.startup,"ax",%progbits
  26              		.align	2
  27              		.global	main
  29              	main:
  30              		@ Volatile: function does not return.
  31              		@ args = 0, pretend = 0, frame = 0
  32              		@ frame_needed = 0, uses_anonymous_args = 0
  33              		@ link register save eliminated.
  34              	.L3:
  35 0000 FEFFFFEA 		b	.L3
  37              		.ident	"GCC: (GNU) 4.7.2"
